<?xml version="1.0" encoding="UTF-8"?>
<!-- Generated by org.testng.reporters.JUnitXMLReporter -->
<testsuite hostname="LAPTOP-UFIG77A7" name="Default test" tests="3" failures="0" timestamp="11 Mar 2022 12:02:41 GMT" time="65.825" errors="0">
  <testcase name="addNew" time="4.087" classname="IBM_Assessment.Retail_Coupon_TestNG.Retail_Coupon"/>
  <testcase name="edit" time="5.079" classname="IBM_Assessment.Retail_Coupon_TestNG.Retail_Coupon"/>
  <testcase name="delete" time="6.281" classname="IBM_Assessment.Retail_Coupon_TestNG.Retail_Coupon"/>
</testsuite> <!-- Default test -->
